2017/09/07-17:20:40 [main] INFO  com.sixi.App - Starting App on SDWM--20170718J with PID 16240 (E:\javakongjian\Fin_API2\target\classes started by aixiang in E:\javakongjian\Fin_API2)
2017/09/07-17:20:40 [main] INFO  com.sixi.App - The following profiles are active: dev
2017/09/07-17:20:40 [main] INFO  o.s.b.c.e.AnnotationConfigEmbeddedWebApplicationContext - Refreshing org.springframework.boot.context.embedded.AnnotationConfigEmbeddedWebApplicationContext@c730b35: startup date [Thu Sep 07 17:20:40 CST 2017]; root of context hierarchy
2017/09/07-17:20:42 [main] WARN  o.m.s.mapper.ClassPathMapperScanner - No MyBatis mapper was found in '[com.sixi.config, com.sixi]' package. Please check your configuration.
2017/09/07-17:20:42 [main] INFO  o.s.d.r.c.RepositoryConfigurationDelegate - Multiple Spring Data modules found, entering strict repository configuration mode!
2017/09/07-17:20:43 [main] WARN  o.s.c.a.ConfigurationClassPostProcessor - Cannot enhance @Configuration bean definition 'DBInit_CWPG' since its singleton instance has been created too early. The typical cause is a non-static @Bean method with a BeanDefinitionRegistryPostProcessor return type: Consider declaring such methods as 'static'.
2017/09/07-17:20:43 [main] WARN  o.s.c.a.ConfigurationClassPostProcessor - Cannot enhance @Configuration bean definition 'DBInit_OASQLServer' since its singleton instance has been created too early. The typical cause is a non-static @Bean method with a BeanDefinitionRegistryPostProcessor return type: Consider declaring such methods as 'static'.
2017/09/07-17:20:45 [main] INFO  o.s.b.c.e.t.TomcatEmbeddedServletContainer - Tomcat initialized with port(s): 8086 (http)
2017/09/07-17:20:45 [main] INFO  o.a.catalina.core.StandardService - Starting service [Tomcat]
2017/09/07-17:20:45 [main] INFO  o.a.catalina.core.StandardEngine - Starting Servlet Engine: Apache Tomcat/8.5.15
2017/09/07-17:20:45 [localhost-startStop-1] INFO  o.a.c.c.C.[Tomcat].[localhost].[/] - Initializing Spring embedded WebApplicationContext
2017/09/07-17:20:45 [localhost-startStop-1] INFO  o.s.web.context.ContextLoader - Root WebApplicationContext: initialization completed in 5447 ms
2017/09/07-17:20:46 [localhost-startStop-1] INFO  o.s.b.w.s.FilterRegistrationBean - Mapping filter: 'characterEncodingFilter' to: [/*]
2017/09/07-17:20:46 [localhost-startStop-1] INFO  o.s.b.w.s.FilterRegistrationBean - Mapping filter: 'springSessionRepositoryFilter' to: [/*]
2017/09/07-17:20:46 [localhost-startStop-1] INFO  o.s.b.w.s.FilterRegistrationBean - Mapping filter: 'hiddenHttpMethodFilter' to: [/*]
2017/09/07-17:20:46 [localhost-startStop-1] INFO  o.s.b.w.s.FilterRegistrationBean - Mapping filter: 'httpPutFormContentFilter' to: [/*]
2017/09/07-17:20:46 [localhost-startStop-1] INFO  o.s.b.w.s.FilterRegistrationBean - Mapping filter: 'requestContextFilter' to: [/*]
2017/09/07-17:20:46 [localhost-startStop-1] INFO  o.s.b.w.s.DelegatingFilterProxyRegistrationBean - Mapping filter: 'springSecurityFilterChain' to: [/*]
2017/09/07-17:20:46 [localhost-startStop-1] INFO  o.s.b.w.s.ServletRegistrationBean - Mapping servlet: 'dispatcherServlet' to [/]
2017/09/07-17:20:48 [main] INFO  o.s.s.web.DefaultSecurityFilterChain - Creating filter chain: org.springframework.security.web.util.matcher.AnyRequestMatcher@1, [org.springframework.security.web.context.request.async.WebAsyncManagerIntegrationFilter@33ecbd6c, org.springframework.security.web.context.SecurityContextPersistenceFilter@1937eaff, org.springframework.security.web.header.HeaderWriterFilter@5d497a91, org.springframework.security.web.authentication.logout.LogoutFilter@2975a9e, org.springframework.security.web.authentication.UsernamePasswordAuthenticationFilter@2da66a44, org.springframework.security.web.authentication.ui.DefaultLoginPageGeneratingFilter@33634f04, org.springframework.security.web.savedrequest.RequestCacheAwareFilter@4b0f2299, org.springframework.security.web.servletapi.SecurityContextHolderAwareRequestFilter@512575e9, org.springframework.security.web.authentication.AnonymousAuthenticationFilter@5c723f2d, org.springframework.security.web.session.SessionManagementFilter@1c8f6a90, org.springframework.security.web.access.ExceptionTranslationFilter@6f70a21b, org.springframework.security.web.access.intercept.FilterSecurityInterceptor@4aa21f9d]
2017/09/07-17:20:48 [main] INFO  o.s.u.f.SpringTemplateLoader - SpringTemplateLoader for FreeMarker: using resource loader [org.springframework.boot.context.embedded.AnnotationConfigEmbeddedWebApplicationContext@c730b35: startup date [Thu Sep 07 17:20:40 CST 2017]; root of context hierarchy] and template loader path [WEB-INF/views/]
2017/09/07-17:20:48 [main] INFO  o.s.w.s.v.f.FreeMarkerConfigurer - ClassTemplateLoader for Spring macros added to FreeMarker configuration
2017/09/07-17:20:48 [main] INFO  com.sixi.config.MvcConfig - MvcConfig.configureMessageConverters
2017/09/07-17:20:49 [main] INFO  o.s.w.s.m.m.a.RequestMappingHandlerAdapter - Looking for @ControllerAdvice: org.springframework.boot.context.embedded.AnnotationConfigEmbeddedWebApplicationContext@c730b35: startup date [Thu Sep 07 17:20:40 CST 2017]; root of context hierarchy
2017/09/07-17:20:49 [main] INFO  o.s.w.s.m.m.a.RequestMappingHandlerMapping - Mapped "{[/common/qx/isqx]}" onto public com.sixi.utils.RD com.sixi.api.common.QXCtr.notFound(java.lang.String)
2017/09/07-17:20:49 [main] INFO  o.s.w.s.m.m.a.RequestMappingHandlerMapping - Mapped "{[/common/qx/adduser]}" onto public com.sixi.utils.RD com.sixi.api.common.QXCtr.adduser(int,java.lang.String)
2017/09/07-17:20:49 [main] INFO  o.s.w.s.m.m.a.RequestMappingHandlerMapping - Mapped "{[/historyreport/historyreport/generate]}" onto public com.sixi.utils.RD com.sixi.api.historyreport.HistoryReportCtrl.generateData(java.lang.String,java.lang.String)
2017/09/07-17:20:49 [main] INFO  o.s.w.s.m.m.a.RequestMappingHandlerMapping - Mapped "{[/historyreport/historyreport/dir]}" onto public com.sixi.utils.RD com.sixi.api.historyreport.HistoryReportCtrl.getDirList()
2017/09/07-17:20:49 [main] INFO  o.s.w.s.m.m.a.RequestMappingHandlerMapping - Mapped "{[/historyreport/historyreport/details]}" onto public com.sixi.utils.RD com.sixi.api.historyreport.HistoryReportCtrl.getDetailsList()
2017/09/07-17:20:49 [main] INFO  o.s.w.s.m.m.a.RequestMappingHandlerMapping - Mapped "{[/historyreport/historyreport/Info]}" onto public com.sixi.utils.RD com.sixi.api.historyreport.HistoryReportCtrl.getDetailsInfo()
2017/09/07-17:20:49 [main] INFO  o.s.w.s.m.m.a.RequestMappingHandlerMapping - Mapped "{[/historyreport/historyreport/del]}" onto public com.sixi.utils.RD com.sixi.api.historyreport.HistoryReportCtrl.detailsdel()
2017/09/07-17:20:49 [main] INFO  o.s.w.s.m.m.a.RequestMappingHandlerMapping - Mapped "{[/historyreport/historyreport/edit]}" onto public com.sixi.utils.RD com.sixi.api.historyreport.HistoryReportCtrl.detailsedit()
2017/09/07-17:20:49 [main] INFO  o.s.w.s.m.m.a.RequestMappingHandlerMapping - Mapped "{[/historyreport/historyreport/add]}" onto public com.sixi.utils.RD com.sixi.api.historyreport.HistoryReportCtrl.moneyAdd()
2017/09/07-17:20:49 [main] INFO  o.s.w.s.m.m.a.RequestMappingHandlerMapping - Mapped "{[/historyreport/historyreport/getmoneyfloat]}" onto public com.sixi.utils.RD com.sixi.api.historyreport.HistoryReportCtrl.getmoneyfloat()
2017/09/07-17:20:49 [main] INFO  o.s.w.s.m.m.a.RequestMappingHandlerMapping - Mapped "{[/historyreport/historyreport/exportExcel]}" onto public void com.sixi.api.historyreport.HistoryReportCtrl.exportExcel(javax.servlet.http.HttpServletResponse)
2017/09/07-17:20:49 [main] INFO  o.s.w.s.m.m.a.RequestMappingHandlerMapping - Mapped "{[/historyreport/historyreport/txtest]}" onto public com.sixi.utils.RD com.sixi.api.historyreport.HistoryReportCtrl.txtest()
2017/09/07-17:20:49 [main] INFO  o.s.w.s.m.m.a.RequestMappingHandlerMapping - Mapped "{[/sys/logOut]}" onto public com.sixi.utils.RD com.sixi.api.nologin.SysCtrl.logout()
2017/09/07-17:20:49 [main] INFO  o.s.w.s.m.m.a.RequestMappingHandlerMapping - Mapped "{[/sys/login]}" onto public com.sixi.utils.RD com.sixi.api.nologin.SysCtrl.login(java.lang.String,java.lang.String)
2017/09/07-17:20:49 [main] INFO  o.s.w.s.m.m.a.RequestMappingHandlerMapping - Mapped "{[/error]}" onto public org.springframework.http.ResponseEntity<java.util.Map<java.lang.String, java.lang.Object>> org.springframework.boot.autoconfigure.web.BasicErrorController.error(javax.servlet.http.HttpServletRequest)
2017/09/07-17:20:49 [main] INFO  o.s.w.s.m.m.a.RequestMappingHandlerMapping - Mapped "{[/error],produces=[text/html]}" onto public org.springframework.web.servlet.ModelAndView org.springframework.boot.autoconfigure.web.BasicErrorController.errorHtml(javax.servlet.http.HttpServletRequest,javax.servlet.http.HttpServletResponse)
2017/09/07-17:20:49 [main] INFO  o.s.w.s.h.SimpleUrlHandlerMapping - Mapped URL path [/webjars/**] onto handler of type [class org.springframework.web.servlet.resource.ResourceHttpRequestHandler]
2017/09/07-17:20:49 [main] INFO  o.s.w.s.h.SimpleUrlHandlerMapping - Mapped URL path [/**] onto handler of type [class org.springframework.web.servlet.resource.ResourceHttpRequestHandler]
2017/09/07-17:20:49 [main] INFO  o.s.w.s.h.SimpleUrlHandlerMapping - Mapped URL path [/**] onto handler of type [class org.springframework.web.servlet.resource.DefaultServletHttpRequestHandler]
2017/09/07-17:20:49 [main] INFO  o.s.w.s.h.SimpleUrlHandlerMapping - Mapped URL path [/**/favicon.ico] onto handler of type [class org.springframework.web.servlet.resource.ResourceHttpRequestHandler]
2017/09/07-17:20:49 [main] WARN  o.s.b.a.f.FreeMarkerAutoConfiguration - Cannot find template location(s): [classpath:/templates/] (please add some templates, check your FreeMarker configuration, or set spring.freemarker.checkTemplateLocation=false)
2017/09/07-17:20:49 [main] INFO  o.s.b.a.s.AuthenticationManagerConfiguration - 

Using default security password: e82ee268-75f0-417d-aa0f-d566950f5314

2017/09/07-17:20:50 [main] INFO  o.s.j.e.a.AnnotationMBeanExporter - Registering beans for JMX exposure on startup
2017/09/07-17:20:50 [main] INFO  o.s.j.e.a.AnnotationMBeanExporter - Bean with name 'dataSource_cwpg' has been autodetected for JMX exposure
2017/09/07-17:20:50 [main] INFO  o.s.j.e.a.AnnotationMBeanExporter - Bean with name 'dataSource_oasqlserver' has been autodetected for JMX exposure
2017/09/07-17:20:50 [main] INFO  o.s.j.e.a.AnnotationMBeanExporter - Located MBean 'dataSource_cwpg': registering with JMX server as MBean [com.alibaba.druid.pool:name=dataSource_cwpg,type=DruidDataSource]
2017/09/07-17:20:50 [main] INFO  o.s.j.e.a.AnnotationMBeanExporter - Located MBean 'dataSource_oasqlserver': registering with JMX server as MBean [com.alibaba.druid.pool:name=dataSource_oasqlserver,type=DruidDataSource]
2017/09/07-17:20:50 [main] INFO  o.s.c.s.DefaultLifecycleProcessor - Starting beans in phase 2147483647
2017/09/07-17:20:50 [main] INFO  o.s.s.a.ScheduledAnnotationBeanPostProcessor - No TaskScheduler/ScheduledExecutorService bean found for scheduled processing
2017/09/07-17:20:50 [main] INFO  o.a.coyote.http11.Http11NioProtocol - Initializing ProtocolHandler ["http-nio-8086"]
2017/09/07-17:20:50 [main] INFO  o.a.coyote.http11.Http11NioProtocol - Starting ProtocolHandler ["http-nio-8086"]
2017/09/07-17:20:50 [main] ERROR o.a.coyote.http11.Http11NioProtocol - Failed to start end point associated with ProtocolHandler ["http-nio-8086"]
java.net.BindException: Address already in use: bind
	at sun.nio.ch.Net.bind0(Native Method)
	at sun.nio.ch.Net.bind(Net.java:433)
	at sun.nio.ch.Net.bind(Net.java:425)
	at sun.nio.ch.ServerSocketChannelImpl.bind(ServerSocketChannelImpl.java:223)
	at sun.nio.ch.ServerSocketAdaptor.bind(ServerSocketAdaptor.java:74)
	at org.apache.tomcat.util.net.NioEndpoint.bind(NioEndpoint.java:210)
	at org.apache.tomcat.util.net.AbstractEndpoint.start(AbstractEndpoint.java:978)
	at org.apache.coyote.AbstractProtocol.start(AbstractProtocol.java:628)
	at org.apache.catalina.connector.Connector.startInternal(Connector.java:1022)
	at org.apache.catalina.util.LifecycleBase.start(LifecycleBase.java:150)
	at org.apache.catalina.core.StandardService.addConnector(StandardService.java:225)
	at org.springframework.boot.context.embedded.tomcat.TomcatEmbeddedServletContainer.addPreviouslyRemovedConnectors(TomcatEmbeddedServletContainer.java:250)
	at org.springframework.boot.context.embedded.tomcat.TomcatEmbeddedServletContainer.start(TomcatEmbeddedServletContainer.java:193)
	at org.springframework.boot.context.embedded.EmbeddedWebApplicationContext.startEmbeddedServletContainer(EmbeddedWebApplicationContext.java:297)
	at org.springframework.boot.context.embedded.EmbeddedWebApplicationContext.finishRefresh(EmbeddedWebApplicationContext.java:145)
	at org.springframework.context.support.AbstractApplicationContext.refresh(AbstractApplicationContext.java:546)
	at org.springframework.boot.context.embedded.EmbeddedWebApplicationContext.refresh(EmbeddedWebApplicationContext.java:122)
	at org.springframework.boot.SpringApplication.refresh(SpringApplication.java:693)
	at org.springframework.boot.SpringApplication.refreshContext(SpringApplication.java:360)
	at org.springframework.boot.SpringApplication.run(SpringApplication.java:303)
	at org.springframework.boot.SpringApplication.run(SpringApplication.java:1118)
	at org.springframework.boot.SpringApplication.run(SpringApplication.java:1107)
	at com.sixi.App.main(App.java:16)
2017/09/07-17:20:50 [main] ERROR o.a.catalina.core.StandardService - Failed to start connector [Connector[HTTP/1.1-8086]]
org.apache.catalina.LifecycleException: Failed to start component [Connector[HTTP/1.1-8086]]
	at org.apache.catalina.util.LifecycleBase.start(LifecycleBase.java:167)
	at org.apache.catalina.core.StandardService.addConnector(StandardService.java:225)
	at org.springframework.boot.context.embedded.tomcat.TomcatEmbeddedServletContainer.addPreviouslyRemovedConnectors(TomcatEmbeddedServletContainer.java:250)
	at org.springframework.boot.context.embedded.tomcat.TomcatEmbeddedServletContainer.start(TomcatEmbeddedServletContainer.java:193)
	at org.springframework.boot.context.embedded.EmbeddedWebApplicationContext.startEmbeddedServletContainer(EmbeddedWebApplicationContext.java:297)
	at org.springframework.boot.context.embedded.EmbeddedWebApplicationContext.finishRefresh(EmbeddedWebApplicationContext.java:145)
	at org.springframework.context.support.AbstractApplicationContext.refresh(AbstractApplicationContext.java:546)
	at org.springframework.boot.context.embedded.EmbeddedWebApplicationContext.refresh(EmbeddedWebApplicationContext.java:122)
	at org.springframework.boot.SpringApplication.refresh(SpringApplication.java:693)
	at org.springframework.boot.SpringApplication.refreshContext(SpringApplication.java:360)
	at org.springframework.boot.SpringApplication.run(SpringApplication.java:303)
	at org.springframework.boot.SpringApplication.run(SpringApplication.java:1118)
	at org.springframework.boot.SpringApplication.run(SpringApplication.java:1107)
	at com.sixi.App.main(App.java:16)
Caused by: org.apache.catalina.LifecycleException: service.getName(): "Tomcat";  Protocol handler start failed
	at org.apache.catalina.connector.Connector.startInternal(Connector.java:1029)
	at org.apache.catalina.util.LifecycleBase.start(LifecycleBase.java:150)
	... 13 common frames omitted
Caused by: java.net.BindException: Address already in use: bind
	at sun.nio.ch.Net.bind0(Native Method)
	at sun.nio.ch.Net.bind(Net.java:433)
	at sun.nio.ch.Net.bind(Net.java:425)
	at sun.nio.ch.ServerSocketChannelImpl.bind(ServerSocketChannelImpl.java:223)
	at sun.nio.ch.ServerSocketAdaptor.bind(ServerSocketAdaptor.java:74)
	at org.apache.tomcat.util.net.NioEndpoint.bind(NioEndpoint.java:210)
	at org.apache.tomcat.util.net.AbstractEndpoint.start(AbstractEndpoint.java:978)
	at org.apache.coyote.AbstractProtocol.start(AbstractProtocol.java:628)
	at org.apache.catalina.connector.Connector.startInternal(Connector.java:1022)
	... 14 common frames omitted
2017/09/07-17:20:50 [main] INFO  o.a.coyote.http11.Http11NioProtocol - Pausing ProtocolHandler ["http-nio-8086"]
2017/09/07-17:20:50 [main] INFO  o.a.catalina.core.StandardService - Stopping service [Tomcat]
2017/09/07-17:20:50 [localhost-startStop-1] WARN  o.a.c.loader.WebappClassLoaderBase - The web application [ROOT] appears to have started a thread named [Abandoned connection cleanup thread] but has failed to stop it. This is very likely to create a memory leak. Stack trace of thread:
 java.lang.Object.wait(Native Method)
 java.lang.ref.ReferenceQueue.remove(ReferenceQueue.java:143)
 com.mysql.cj.jdbc.AbandonedConnectionCleanupThread.run(AbandonedConnectionCleanupThread.java:43)
2017/09/07-17:20:50 [main] INFO  o.apache.catalina.util.LifecycleBase - The stop() method was called on component [StandardServer[-1]] after stop() had already been called. The second call will be ignored.
2017/09/07-17:20:50 [main] INFO  o.a.coyote.http11.Http11NioProtocol - Stopping ProtocolHandler ["http-nio-8086"]
2017/09/07-17:20:50 [main] INFO  o.a.coyote.http11.Http11NioProtocol - Destroying ProtocolHandler ["http-nio-8086"]
2017/09/07-17:20:50 [main] INFO  o.s.b.a.l.AutoConfigurationReportLoggingInitializer - 

Error starting ApplicationContext. To display the auto-configuration report re-run your application with 'debug' enabled.
2017/09/07-17:20:50 [main] ERROR o.s.b.d.LoggingFailureAnalysisReporter - 

***************************
APPLICATION FAILED TO START
***************************

Description:

The Tomcat connector configured to listen on port 8086 failed to start. The port may already be in use or the connector may be misconfigured.

Action:

Verify the connector's configuration, identify and stop any process that's listening on port 8086, or configure this application to listen on another port.

2017/09/07-17:20:50 [main] INFO  o.s.b.c.e.AnnotationConfigEmbeddedWebApplicationContext - Closing org.springframework.boot.context.embedded.AnnotationConfigEmbeddedWebApplicationContext@c730b35: startup date [Thu Sep 07 17:20:40 CST 2017]; root of context hierarchy
2017/09/07-17:20:50 [main] INFO  o.s.c.s.DefaultLifecycleProcessor - Stopping beans in phase 2147483647
2017/09/07-17:20:50 [main] INFO  o.s.j.e.a.AnnotationMBeanExporter - Unregistering JMX-exposed beans on shutdown
2017/09/07-17:20:50 [main] INFO  o.s.j.e.a.AnnotationMBeanExporter - Unregistering JMX-exposed beans
2017/09/07-17:21:37 [main] INFO  com.sixi.App - Starting App on SDWM--20170718J with PID 15576 (E:\javakongjian\Fin_API2\target\classes started by aixiang in E:\javakongjian\Fin_API2)
2017/09/07-17:21:37 [main] INFO  com.sixi.App - The following profiles are active: dev
2017/09/07-17:21:37 [main] INFO  o.s.b.c.e.AnnotationConfigEmbeddedWebApplicationContext - Refreshing org.springframework.boot.context.embedded.AnnotationConfigEmbeddedWebApplicationContext@c730b35: startup date [Thu Sep 07 17:21:37 CST 2017]; root of context hierarchy
2017/09/07-17:21:39 [main] WARN  o.m.s.mapper.ClassPathMapperScanner - No MyBatis mapper was found in '[com.sixi.config, com.sixi]' package. Please check your configuration.
2017/09/07-17:21:39 [main] INFO  o.s.d.r.c.RepositoryConfigurationDelegate - Multiple Spring Data modules found, entering strict repository configuration mode!
2017/09/07-17:21:39 [main] WARN  o.s.c.a.ConfigurationClassPostProcessor - Cannot enhance @Configuration bean definition 'DBInit_CWPG' since its singleton instance has been created too early. The typical cause is a non-static @Bean method with a BeanDefinitionRegistryPostProcessor return type: Consider declaring such methods as 'static'.
2017/09/07-17:21:39 [main] WARN  o.s.c.a.ConfigurationClassPostProcessor - Cannot enhance @Configuration bean definition 'DBInit_OASQLServer' since its singleton instance has been created too early. The typical cause is a non-static @Bean method with a BeanDefinitionRegistryPostProcessor return type: Consider declaring such methods as 'static'.
2017/09/07-17:21:41 [main] INFO  o.s.b.c.e.t.TomcatEmbeddedServletContainer - Tomcat initialized with port(s): 8086 (http)
2017/09/07-17:21:41 [main] INFO  o.a.catalina.core.StandardService - Starting service [Tomcat]
2017/09/07-17:21:41 [main] INFO  o.a.catalina.core.StandardEngine - Starting Servlet Engine: Apache Tomcat/8.5.15
2017/09/07-17:21:41 [localhost-startStop-1] INFO  o.a.c.c.C.[Tomcat].[localhost].[/] - Initializing Spring embedded WebApplicationContext
2017/09/07-17:21:41 [localhost-startStop-1] INFO  o.s.web.context.ContextLoader - Root WebApplicationContext: initialization completed in 3786 ms
2017/09/07-17:21:41 [localhost-startStop-1] INFO  o.s.b.w.s.FilterRegistrationBean - Mapping filter: 'characterEncodingFilter' to: [/*]
2017/09/07-17:21:41 [localhost-startStop-1] INFO  o.s.b.w.s.FilterRegistrationBean - Mapping filter: 'springSessionRepositoryFilter' to: [/*]
2017/09/07-17:21:41 [localhost-startStop-1] INFO  o.s.b.w.s.FilterRegistrationBean - Mapping filter: 'hiddenHttpMethodFilter' to: [/*]
2017/09/07-17:21:41 [localhost-startStop-1] INFO  o.s.b.w.s.FilterRegistrationBean - Mapping filter: 'httpPutFormContentFilter' to: [/*]
2017/09/07-17:21:41 [localhost-startStop-1] INFO  o.s.b.w.s.FilterRegistrationBean - Mapping filter: 'requestContextFilter' to: [/*]
2017/09/07-17:21:41 [localhost-startStop-1] INFO  o.s.b.w.s.DelegatingFilterProxyRegistrationBean - Mapping filter: 'springSecurityFilterChain' to: [/*]
2017/09/07-17:21:41 [localhost-startStop-1] INFO  o.s.b.w.s.ServletRegistrationBean - Mapping servlet: 'dispatcherServlet' to [/]
2017/09/07-17:21:43 [main] INFO  o.s.s.web.DefaultSecurityFilterChain - Creating filter chain: org.springframework.security.web.util.matcher.AnyRequestMatcher@1, [org.springframework.security.web.context.request.async.WebAsyncManagerIntegrationFilter@7132a9dc, org.springframework.security.web.context.SecurityContextPersistenceFilter@6f70a21b, org.springframework.security.web.header.HeaderWriterFilter@714f3da4, org.springframework.security.web.authentication.logout.LogoutFilter@6f1a16fe, org.springframework.security.web.authentication.UsernamePasswordAuthenticationFilter@640ab13c, org.springframework.security.web.authentication.ui.DefaultLoginPageGeneratingFilter@33063f5b, org.springframework.security.web.savedrequest.RequestCacheAwareFilter@2e869098, org.springframework.security.web.servletapi.SecurityContextHolderAwareRequestFilter@1937eaff, org.springframework.security.web.authentication.AnonymousAuthenticationFilter@57435801, org.springframework.security.web.session.SessionManagementFilter@1f53481b, org.springframework.security.web.access.ExceptionTranslationFilter@c2584d3, org.springframework.security.web.access.intercept.FilterSecurityInterceptor@53abfc07]
2017/09/07-17:21:43 [main] INFO  o.s.u.f.SpringTemplateLoader - SpringTemplateLoader for FreeMarker: using resource loader [org.springframework.boot.context.embedded.AnnotationConfigEmbeddedWebApplicationContext@c730b35: startup date [Thu Sep 07 17:21:37 CST 2017]; root of context hierarchy] and template loader path [WEB-INF/views/]
2017/09/07-17:21:43 [main] INFO  o.s.w.s.v.f.FreeMarkerConfigurer - ClassTemplateLoader for Spring macros added to FreeMarker configuration
2017/09/07-17:21:43 [main] INFO  com.sixi.config.MvcConfig - MvcConfig.configureMessageConverters
2017/09/07-17:21:44 [main] INFO  o.s.w.s.m.m.a.RequestMappingHandlerAdapter - Looking for @ControllerAdvice: org.springframework.boot.context.embedded.AnnotationConfigEmbeddedWebApplicationContext@c730b35: startup date [Thu Sep 07 17:21:37 CST 2017]; root of context hierarchy
2017/09/07-17:21:44 [main] INFO  o.s.w.s.m.m.a.RequestMappingHandlerMapping - Mapped "{[/common/qx/isqx]}" onto public com.sixi.utils.RD com.sixi.api.common.QXCtr.notFound(java.lang.String)
2017/09/07-17:21:44 [main] INFO  o.s.w.s.m.m.a.RequestMappingHandlerMapping - Mapped "{[/common/qx/adduser]}" onto public com.sixi.utils.RD com.sixi.api.common.QXCtr.adduser(int,java.lang.String)
2017/09/07-17:21:44 [main] INFO  o.s.w.s.m.m.a.RequestMappingHandlerMapping - Mapped "{[/historyreport/historyreport/generate]}" onto public com.sixi.utils.RD com.sixi.api.historyreport.HistoryReportCtrl.generateData(java.lang.String,java.lang.String)
2017/09/07-17:21:44 [main] INFO  o.s.w.s.m.m.a.RequestMappingHandlerMapping - Mapped "{[/historyreport/historyreport/dir]}" onto public com.sixi.utils.RD com.sixi.api.historyreport.HistoryReportCtrl.getDirList()
2017/09/07-17:21:44 [main] INFO  o.s.w.s.m.m.a.RequestMappingHandlerMapping - Mapped "{[/historyreport/historyreport/details]}" onto public com.sixi.utils.RD com.sixi.api.historyreport.HistoryReportCtrl.getDetailsList()
2017/09/07-17:21:44 [main] INFO  o.s.w.s.m.m.a.RequestMappingHandlerMapping - Mapped "{[/historyreport/historyreport/Info]}" onto public com.sixi.utils.RD com.sixi.api.historyreport.HistoryReportCtrl.getDetailsInfo()
2017/09/07-17:21:44 [main] INFO  o.s.w.s.m.m.a.RequestMappingHandlerMapping - Mapped "{[/historyreport/historyreport/del]}" onto public com.sixi.utils.RD com.sixi.api.historyreport.HistoryReportCtrl.detailsdel()
2017/09/07-17:21:44 [main] INFO  o.s.w.s.m.m.a.RequestMappingHandlerMapping - Mapped "{[/historyreport/historyreport/edit]}" onto public com.sixi.utils.RD com.sixi.api.historyreport.HistoryReportCtrl.detailsedit()
2017/09/07-17:21:44 [main] INFO  o.s.w.s.m.m.a.RequestMappingHandlerMapping - Mapped "{[/historyreport/historyreport/add]}" onto public com.sixi.utils.RD com.sixi.api.historyreport.HistoryReportCtrl.moneyAdd()
2017/09/07-17:21:44 [main] INFO  o.s.w.s.m.m.a.RequestMappingHandlerMapping - Mapped "{[/historyreport/historyreport/getmoneyfloat]}" onto public com.sixi.utils.RD com.sixi.api.historyreport.HistoryReportCtrl.getmoneyfloat()
2017/09/07-17:21:44 [main] INFO  o.s.w.s.m.m.a.RequestMappingHandlerMapping - Mapped "{[/historyreport/historyreport/exportExcel]}" onto public void com.sixi.api.historyreport.HistoryReportCtrl.exportExcel(javax.servlet.http.HttpServletResponse)
2017/09/07-17:21:44 [main] INFO  o.s.w.s.m.m.a.RequestMappingHandlerMapping - Mapped "{[/historyreport/historyreport/txtest]}" onto public com.sixi.utils.RD com.sixi.api.historyreport.HistoryReportCtrl.txtest()
2017/09/07-17:21:44 [main] INFO  o.s.w.s.m.m.a.RequestMappingHandlerMapping - Mapped "{[/sys/logOut]}" onto public com.sixi.utils.RD com.sixi.api.nologin.SysCtrl.logout()
2017/09/07-17:21:44 [main] INFO  o.s.w.s.m.m.a.RequestMappingHandlerMapping - Mapped "{[/sys/login]}" onto public com.sixi.utils.RD com.sixi.api.nologin.SysCtrl.login(java.lang.String,java.lang.String)
2017/09/07-17:21:44 [main] INFO  o.s.w.s.m.m.a.RequestMappingHandlerMapping - Mapped "{[/error]}" onto public org.springframework.http.ResponseEntity<java.util.Map<java.lang.String, java.lang.Object>> org.springframework.boot.autoconfigure.web.BasicErrorController.error(javax.servlet.http.HttpServletRequest)
2017/09/07-17:21:44 [main] INFO  o.s.w.s.m.m.a.RequestMappingHandlerMapping - Mapped "{[/error],produces=[text/html]}" onto public org.springframework.web.servlet.ModelAndView org.springframework.boot.autoconfigure.web.BasicErrorController.errorHtml(javax.servlet.http.HttpServletRequest,javax.servlet.http.HttpServletResponse)
2017/09/07-17:21:44 [main] INFO  o.s.w.s.h.SimpleUrlHandlerMapping - Mapped URL path [/webjars/**] onto handler of type [class org.springframework.web.servlet.resource.ResourceHttpRequestHandler]
2017/09/07-17:21:44 [main] INFO  o.s.w.s.h.SimpleUrlHandlerMapping - Mapped URL path [/**] onto handler of type [class org.springframework.web.servlet.resource.ResourceHttpRequestHandler]
2017/09/07-17:21:44 [main] INFO  o.s.w.s.h.SimpleUrlHandlerMapping - Mapped URL path [/**] onto handler of type [class org.springframework.web.servlet.resource.DefaultServletHttpRequestHandler]
2017/09/07-17:21:44 [main] INFO  o.s.w.s.h.SimpleUrlHandlerMapping - Mapped URL path [/**/favicon.ico] onto handler of type [class org.springframework.web.servlet.resource.ResourceHttpRequestHandler]
2017/09/07-17:21:44 [main] WARN  o.s.b.a.f.FreeMarkerAutoConfiguration - Cannot find template location(s): [classpath:/templates/] (please add some templates, check your FreeMarker configuration, or set spring.freemarker.checkTemplateLocation=false)
2017/09/07-17:21:44 [main] INFO  o.s.b.a.s.AuthenticationManagerConfiguration - 

Using default security password: fe6b9a2b-706e-41cd-aaca-6bb560cbf1c0

2017/09/07-17:21:45 [main] INFO  o.s.j.e.a.AnnotationMBeanExporter - Registering beans for JMX exposure on startup
2017/09/07-17:21:45 [main] INFO  o.s.j.e.a.AnnotationMBeanExporter - Bean with name 'dataSource_cwpg' has been autodetected for JMX exposure
2017/09/07-17:21:45 [main] INFO  o.s.j.e.a.AnnotationMBeanExporter - Bean with name 'dataSource_oasqlserver' has been autodetected for JMX exposure
2017/09/07-17:21:45 [main] INFO  o.s.j.e.a.AnnotationMBeanExporter - Located MBean 'dataSource_cwpg': registering with JMX server as MBean [com.alibaba.druid.pool:name=dataSource_cwpg,type=DruidDataSource]
2017/09/07-17:21:45 [main] INFO  o.s.j.e.a.AnnotationMBeanExporter - Located MBean 'dataSource_oasqlserver': registering with JMX server as MBean [com.alibaba.druid.pool:name=dataSource_oasqlserver,type=DruidDataSource]
2017/09/07-17:21:45 [main] INFO  o.s.c.s.DefaultLifecycleProcessor - Starting beans in phase 2147483647
2017/09/07-17:21:45 [main] INFO  o.s.s.a.ScheduledAnnotationBeanPostProcessor - No TaskScheduler/ScheduledExecutorService bean found for scheduled processing
2017/09/07-17:21:45 [main] INFO  o.a.coyote.http11.Http11NioProtocol - Initializing ProtocolHandler ["http-nio-8086"]
2017/09/07-17:21:45 [main] INFO  o.a.coyote.http11.Http11NioProtocol - Starting ProtocolHandler ["http-nio-8086"]
2017/09/07-17:21:45 [main] ERROR o.a.coyote.http11.Http11NioProtocol - Failed to start end point associated with ProtocolHandler ["http-nio-8086"]
java.net.BindException: Address already in use: bind
	at sun.nio.ch.Net.bind0(Native Method)
	at sun.nio.ch.Net.bind(Net.java:433)
	at sun.nio.ch.Net.bind(Net.java:425)
	at sun.nio.ch.ServerSocketChannelImpl.bind(ServerSocketChannelImpl.java:223)
	at sun.nio.ch.ServerSocketAdaptor.bind(ServerSocketAdaptor.java:74)
	at org.apache.tomcat.util.net.NioEndpoint.bind(NioEndpoint.java:210)
	at org.apache.tomcat.util.net.AbstractEndpoint.start(AbstractEndpoint.java:978)
	at org.apache.coyote.AbstractProtocol.start(AbstractProtocol.java:628)
	at org.apache.catalina.connector.Connector.startInternal(Connector.java:1022)
	at org.apache.catalina.util.LifecycleBase.start(LifecycleBase.java:150)
	at org.apache.catalina.core.StandardService.addConnector(StandardService.java:225)
	at org.springframework.boot.context.embedded.tomcat.TomcatEmbeddedServletContainer.addPreviouslyRemovedConnectors(TomcatEmbeddedServletContainer.java:250)
	at org.springframework.boot.context.embedded.tomcat.TomcatEmbeddedServletContainer.start(TomcatEmbeddedServletContainer.java:193)
	at org.springframework.boot.context.embedded.EmbeddedWebApplicationContext.startEmbeddedServletContainer(EmbeddedWebApplicationContext.java:297)
	at org.springframework.boot.context.embedded.EmbeddedWebApplicationContext.finishRefresh(EmbeddedWebApplicationContext.java:145)
	at org.springframework.context.support.AbstractApplicationContext.refresh(AbstractApplicationContext.java:546)
	at org.springframework.boot.context.embedded.EmbeddedWebApplicationContext.refresh(EmbeddedWebApplicationContext.java:122)
	at org.springframework.boot.SpringApplication.refresh(SpringApplication.java:693)
	at org.springframework.boot.SpringApplication.refreshContext(SpringApplication.java:360)
	at org.springframework.boot.SpringApplication.run(SpringApplication.java:303)
	at org.springframework.boot.SpringApplication.run(SpringApplication.java:1118)
	at org.springframework.boot.SpringApplication.run(SpringApplication.java:1107)
	at com.sixi.App.main(App.java:16)
2017/09/07-17:21:45 [main] ERROR o.a.catalina.core.StandardService - Failed to start connector [Connector[HTTP/1.1-8086]]
org.apache.catalina.LifecycleException: Failed to start component [Connector[HTTP/1.1-8086]]
	at org.apache.catalina.util.LifecycleBase.start(LifecycleBase.java:167)
	at org.apache.catalina.core.StandardService.addConnector(StandardService.java:225)
	at org.springframework.boot.context.embedded.tomcat.TomcatEmbeddedServletContainer.addPreviouslyRemovedConnectors(TomcatEmbeddedServletContainer.java:250)
	at org.springframework.boot.context.embedded.tomcat.TomcatEmbeddedServletContainer.start(TomcatEmbeddedServletContainer.java:193)
	at org.springframework.boot.context.embedded.EmbeddedWebApplicationContext.startEmbeddedServletContainer(EmbeddedWebApplicationContext.java:297)
	at org.springframework.boot.context.embedded.EmbeddedWebApplicationContext.finishRefresh(EmbeddedWebApplicationContext.java:145)
	at org.springframework.context.support.AbstractApplicationContext.refresh(AbstractApplicationContext.java:546)
	at org.springframework.boot.context.embedded.EmbeddedWebApplicationContext.refresh(EmbeddedWebApplicationContext.java:122)
	at org.springframework.boot.SpringApplication.refresh(SpringApplication.java:693)
	at org.springframework.boot.SpringApplication.refreshContext(SpringApplication.java:360)
	at org.springframework.boot.SpringApplication.run(SpringApplication.java:303)
	at org.springframework.boot.SpringApplication.run(SpringApplication.java:1118)
	at org.springframework.boot.SpringApplication.run(SpringApplication.java:1107)
	at com.sixi.App.main(App.java:16)
Caused by: org.apache.catalina.LifecycleException: service.getName(): "Tomcat";  Protocol handler start failed
	at org.apache.catalina.connector.Connector.startInternal(Connector.java:1029)
	at org.apache.catalina.util.LifecycleBase.start(LifecycleBase.java:150)
	... 13 common frames omitted
Caused by: java.net.BindException: Address already in use: bind
	at sun.nio.ch.Net.bind0(Native Method)
	at sun.nio.ch.Net.bind(Net.java:433)
	at sun.nio.ch.Net.bind(Net.java:425)
	at sun.nio.ch.ServerSocketChannelImpl.bind(ServerSocketChannelImpl.java:223)
	at sun.nio.ch.ServerSocketAdaptor.bind(ServerSocketAdaptor.java:74)
	at org.apache.tomcat.util.net.NioEndpoint.bind(NioEndpoint.java:210)
	at org.apache.tomcat.util.net.AbstractEndpoint.start(AbstractEndpoint.java:978)
	at org.apache.coyote.AbstractProtocol.start(AbstractProtocol.java:628)
	at org.apache.catalina.connector.Connector.startInternal(Connector.java:1022)
	... 14 common frames omitted
2017/09/07-17:21:45 [main] INFO  o.a.coyote.http11.Http11NioProtocol - Pausing ProtocolHandler ["http-nio-8086"]
2017/09/07-17:21:45 [main] INFO  o.a.catalina.core.StandardService - Stopping service [Tomcat]
2017/09/07-17:21:45 [localhost-startStop-1] WARN  o.a.c.loader.WebappClassLoaderBase - The web application [ROOT] appears to have started a thread named [Abandoned connection cleanup thread] but has failed to stop it. This is very likely to create a memory leak. Stack trace of thread:
 java.lang.Object.wait(Native Method)
 java.lang.ref.ReferenceQueue.remove(ReferenceQueue.java:143)
 com.mysql.cj.jdbc.AbandonedConnectionCleanupThread.run(AbandonedConnectionCleanupThread.java:43)
2017/09/07-17:21:45 [main] INFO  o.apache.catalina.util.LifecycleBase - The stop() method was called on component [StandardServer[-1]] after stop() had already been called. The second call will be ignored.
2017/09/07-17:21:45 [main] INFO  o.a.coyote.http11.Http11NioProtocol - Stopping ProtocolHandler ["http-nio-8086"]
2017/09/07-17:21:45 [main] INFO  o.a.coyote.http11.Http11NioProtocol - Destroying ProtocolHandler ["http-nio-8086"]
2017/09/07-17:21:45 [main] INFO  o.s.b.a.l.AutoConfigurationReportLoggingInitializer - 

Error starting ApplicationContext. To display the auto-configuration report re-run your application with 'debug' enabled.
2017/09/07-17:21:45 [main] ERROR o.s.b.d.LoggingFailureAnalysisReporter - 

***************************
APPLICATION FAILED TO START
***************************

Description:

The Tomcat connector configured to listen on port 8086 failed to start. The port may already be in use or the connector may be misconfigured.

Action:

Verify the connector's configuration, identify and stop any process that's listening on port 8086, or configure this application to listen on another port.

2017/09/07-17:21:45 [main] INFO  o.s.b.c.e.AnnotationConfigEmbeddedWebApplicationContext - Closing org.springframework.boot.context.embedded.AnnotationConfigEmbeddedWebApplicationContext@c730b35: startup date [Thu Sep 07 17:21:37 CST 2017]; root of context hierarchy
2017/09/07-17:21:45 [main] INFO  o.s.c.s.DefaultLifecycleProcessor - Stopping beans in phase 2147483647
2017/09/07-17:21:45 [main] INFO  o.s.j.e.a.AnnotationMBeanExporter - Unregistering JMX-exposed beans on shutdown
2017/09/07-17:21:45 [main] INFO  o.s.j.e.a.AnnotationMBeanExporter - Unregistering JMX-exposed beans
2017/09/07-17:22:10 [main] INFO  com.sixi.App - Starting App on SDWM--20170718J with PID 14944 (E:\javakongjian\Fin_API2\target\classes started by aixiang in E:\javakongjian\Fin_API2)
2017/09/07-17:22:10 [main] INFO  com.sixi.App - The following profiles are active: dev
2017/09/07-17:22:11 [main] INFO  o.s.b.c.e.AnnotationConfigEmbeddedWebApplicationContext - Refreshing org.springframework.boot.context.embedded.AnnotationConfigEmbeddedWebApplicationContext@c730b35: startup date [Thu Sep 07 17:22:11 CST 2017]; root of context hierarchy
2017/09/07-17:22:12 [main] WARN  o.m.s.mapper.ClassPathMapperScanner - No MyBatis mapper was found in '[com.sixi.config, com.sixi]' package. Please check your configuration.
2017/09/07-17:22:12 [main] INFO  o.s.d.r.c.RepositoryConfigurationDelegate - Multiple Spring Data modules found, entering strict repository configuration mode!
2017/09/07-17:22:13 [main] WARN  o.s.c.a.ConfigurationClassPostProcessor - Cannot enhance @Configuration bean definition 'DBInit_CWPG' since its singleton instance has been created too early. The typical cause is a non-static @Bean method with a BeanDefinitionRegistryPostProcessor return type: Consider declaring such methods as 'static'.
2017/09/07-17:22:13 [main] WARN  o.s.c.a.ConfigurationClassPostProcessor - Cannot enhance @Configuration bean definition 'DBInit_OASQLServer' since its singleton instance has been created too early. The typical cause is a non-static @Bean method with a BeanDefinitionRegistryPostProcessor return type: Consider declaring such methods as 'static'.
2017/09/07-17:22:14 [main] INFO  o.s.b.c.e.t.TomcatEmbeddedServletContainer - Tomcat initialized with port(s): 8086 (http)
2017/09/07-17:22:14 [main] INFO  o.a.catalina.core.StandardService - Starting service [Tomcat]
2017/09/07-17:22:14 [main] INFO  o.a.catalina.core.StandardEngine - Starting Servlet Engine: Apache Tomcat/8.5.15
2017/09/07-17:22:14 [localhost-startStop-1] INFO  o.a.c.c.C.[Tomcat].[localhost].[/] - Initializing Spring embedded WebApplicationContext
2017/09/07-17:22:14 [localhost-startStop-1] INFO  o.s.web.context.ContextLoader - Root WebApplicationContext: initialization completed in 3878 ms
2017/09/07-17:22:15 [localhost-startStop-1] INFO  o.s.b.w.s.FilterRegistrationBean - Mapping filter: 'characterEncodingFilter' to: [/*]
2017/09/07-17:22:15 [localhost-startStop-1] INFO  o.s.b.w.s.FilterRegistrationBean - Mapping filter: 'springSessionRepositoryFilter' to: [/*]
2017/09/07-17:22:15 [localhost-startStop-1] INFO  o.s.b.w.s.FilterRegistrationBean - Mapping filter: 'hiddenHttpMethodFilter' to: [/*]
2017/09/07-17:22:15 [localhost-startStop-1] INFO  o.s.b.w.s.FilterRegistrationBean - Mapping filter: 'httpPutFormContentFilter' to: [/*]
2017/09/07-17:22:15 [localhost-startStop-1] INFO  o.s.b.w.s.FilterRegistrationBean - Mapping filter: 'requestContextFilter' to: [/*]
2017/09/07-17:22:15 [localhost-startStop-1] INFO  o.s.b.w.s.DelegatingFilterProxyRegistrationBean - Mapping filter: 'springSecurityFilterChain' to: [/*]
2017/09/07-17:22:15 [localhost-startStop-1] INFO  o.s.b.w.s.ServletRegistrationBean - Mapping servlet: 'dispatcherServlet' to [/]
2017/09/07-17:22:17 [main] INFO  o.s.s.web.DefaultSecurityFilterChain - Creating filter chain: org.springframework.security.web.util.matcher.AnyRequestMatcher@1, [org.springframework.security.web.context.request.async.WebAsyncManagerIntegrationFilter@432f521f, org.springframework.security.web.context.SecurityContextPersistenceFilter@4b0f2299, org.springframework.security.web.header.HeaderWriterFilter@1c8f6a90, org.springframework.security.web.authentication.logout.LogoutFilter@57562473, org.springframework.security.web.authentication.UsernamePasswordAuthenticationFilter@61bfc9bf, org.springframework.security.web.authentication.ui.DefaultLoginPageGeneratingFilter@7601bc96, org.springframework.security.web.savedrequest.RequestCacheAwareFilter@15405bd6, org.springframework.security.web.servletapi.SecurityContextHolderAwareRequestFilter@2373ad99, org.springframework.security.web.authentication.AnonymousAuthenticationFilter@2d7a9786, org.springframework.security.web.session.SessionManagementFilter@265bd546, org.springframework.security.web.access.ExceptionTranslationFilter@2e869098, org.springframework.security.web.access.intercept.FilterSecurityInterceptor@640ab13c]
2017/09/07-17:22:17 [main] INFO  o.s.u.f.SpringTemplateLoader - SpringTemplateLoader for FreeMarker: using resource loader [org.springframework.boot.context.embedded.AnnotationConfigEmbeddedWebApplicationContext@c730b35: startup date [Thu Sep 07 17:22:11 CST 2017]; root of context hierarchy] and template loader path [WEB-INF/views/]
2017/09/07-17:22:17 [main] INFO  o.s.w.s.v.f.FreeMarkerConfigurer - ClassTemplateLoader for Spring macros added to FreeMarker configuration
2017/09/07-17:22:17 [main] INFO  com.sixi.config.MvcConfig - MvcConfig.configureMessageConverters
2017/09/07-17:22:17 [main] INFO  o.s.w.s.m.m.a.RequestMappingHandlerAdapter - Looking for @ControllerAdvice: org.springframework.boot.context.embedded.AnnotationConfigEmbeddedWebApplicationContext@c730b35: startup date [Thu Sep 07 17:22:11 CST 2017]; root of context hierarchy
2017/09/07-17:22:18 [main] INFO  o.s.w.s.m.m.a.RequestMappingHandlerMapping - Mapped "{[/common/qx/isqx]}" onto public com.sixi.utils.RD com.sixi.api.common.QXCtr.notFound(java.lang.String)
2017/09/07-17:22:18 [main] INFO  o.s.w.s.m.m.a.RequestMappingHandlerMapping - Mapped "{[/common/qx/adduser]}" onto public com.sixi.utils.RD com.sixi.api.common.QXCtr.adduser(int,java.lang.String)
2017/09/07-17:22:18 [main] INFO  o.s.w.s.m.m.a.RequestMappingHandlerMapping - Mapped "{[/historyreport/historyreport/generate]}" onto public com.sixi.utils.RD com.sixi.api.historyreport.HistoryReportCtrl.generateData(java.lang.String,java.lang.String)
2017/09/07-17:22:18 [main] INFO  o.s.w.s.m.m.a.RequestMappingHandlerMapping - Mapped "{[/historyreport/historyreport/Info]}" onto public com.sixi.utils.RD com.sixi.api.historyreport.HistoryReportCtrl.getDetailsInfo()
2017/09/07-17:22:18 [main] INFO  o.s.w.s.m.m.a.RequestMappingHandlerMapping - Mapped "{[/historyreport/historyreport/dir]}" onto public com.sixi.utils.RD com.sixi.api.historyreport.HistoryReportCtrl.getDirList()
2017/09/07-17:22:18 [main] INFO  o.s.w.s.m.m.a.RequestMappingHandlerMapping - Mapped "{[/historyreport/historyreport/details]}" onto public com.sixi.utils.RD com.sixi.api.historyreport.HistoryReportCtrl.getDetailsList()
2017/09/07-17:22:18 [main] INFO  o.s.w.s.m.m.a.RequestMappingHandlerMapping - Mapped "{[/historyreport/historyreport/del]}" onto public com.sixi.utils.RD com.sixi.api.historyreport.HistoryReportCtrl.detailsdel()
2017/09/07-17:22:18 [main] INFO  o.s.w.s.m.m.a.RequestMappingHandlerMapping - Mapped "{[/historyreport/historyreport/edit]}" onto public com.sixi.utils.RD com.sixi.api.historyreport.HistoryReportCtrl.detailsedit()
2017/09/07-17:22:18 [main] INFO  o.s.w.s.m.m.a.RequestMappingHandlerMapping - Mapped "{[/historyreport/historyreport/add]}" onto public com.sixi.utils.RD com.sixi.api.historyreport.HistoryReportCtrl.moneyAdd()
2017/09/07-17:22:18 [main] INFO  o.s.w.s.m.m.a.RequestMappingHandlerMapping - Mapped "{[/historyreport/historyreport/getmoneyfloat]}" onto public com.sixi.utils.RD com.sixi.api.historyreport.HistoryReportCtrl.getmoneyfloat()
2017/09/07-17:22:18 [main] INFO  o.s.w.s.m.m.a.RequestMappingHandlerMapping - Mapped "{[/historyreport/historyreport/exportExcel]}" onto public void com.sixi.api.historyreport.HistoryReportCtrl.exportExcel(javax.servlet.http.HttpServletResponse)
2017/09/07-17:22:18 [main] INFO  o.s.w.s.m.m.a.RequestMappingHandlerMapping - Mapped "{[/historyreport/historyreport/txtest]}" onto public com.sixi.utils.RD com.sixi.api.historyreport.HistoryReportCtrl.txtest()
2017/09/07-17:22:18 [main] INFO  o.s.w.s.m.m.a.RequestMappingHandlerMapping - Mapped "{[/sys/logOut]}" onto public com.sixi.utils.RD com.sixi.api.nologin.SysCtrl.logout()
2017/09/07-17:22:18 [main] INFO  o.s.w.s.m.m.a.RequestMappingHandlerMapping - Mapped "{[/sys/login]}" onto public com.sixi.utils.RD com.sixi.api.nologin.SysCtrl.login(java.lang.String,java.lang.String)
2017/09/07-17:22:18 [main] INFO  o.s.w.s.m.m.a.RequestMappingHandlerMapping - Mapped "{[/error]}" onto public org.springframework.http.ResponseEntity<java.util.Map<java.lang.String, java.lang.Object>> org.springframework.boot.autoconfigure.web.BasicErrorController.error(javax.servlet.http.HttpServletRequest)
2017/09/07-17:22:18 [main] INFO  o.s.w.s.m.m.a.RequestMappingHandlerMapping - Mapped "{[/error],produces=[text/html]}" onto public org.springframework.web.servlet.ModelAndView org.springframework.boot.autoconfigure.web.BasicErrorController.errorHtml(javax.servlet.http.HttpServletRequest,javax.servlet.http.HttpServletResponse)
2017/09/07-17:22:18 [main] INFO  o.s.w.s.h.SimpleUrlHandlerMapping - Mapped URL path [/webjars/**] onto handler of type [class org.springframework.web.servlet.resource.ResourceHttpRequestHandler]
2017/09/07-17:22:18 [main] INFO  o.s.w.s.h.SimpleUrlHandlerMapping - Mapped URL path [/**] onto handler of type [class org.springframework.web.servlet.resource.ResourceHttpRequestHandler]
2017/09/07-17:22:18 [main] INFO  o.s.w.s.h.SimpleUrlHandlerMapping - Mapped URL path [/**] onto handler of type [class org.springframework.web.servlet.resource.DefaultServletHttpRequestHandler]
2017/09/07-17:22:18 [main] INFO  o.s.w.s.h.SimpleUrlHandlerMapping - Mapped URL path [/**/favicon.ico] onto handler of type [class org.springframework.web.servlet.resource.ResourceHttpRequestHandler]
2017/09/07-17:22:18 [main] WARN  o.s.b.a.f.FreeMarkerAutoConfiguration - Cannot find template location(s): [classpath:/templates/] (please add some templates, check your FreeMarker configuration, or set spring.freemarker.checkTemplateLocation=false)
2017/09/07-17:22:18 [main] INFO  o.s.b.a.s.AuthenticationManagerConfiguration - 

Using default security password: d71e2dfd-6cca-44bd-b3e7-35dc5b7b39c7

2017/09/07-17:22:18 [main] INFO  o.s.j.e.a.AnnotationMBeanExporter - Registering beans for JMX exposure on startup
2017/09/07-17:22:18 [main] INFO  o.s.j.e.a.AnnotationMBeanExporter - Bean with name 'dataSource_cwpg' has been autodetected for JMX exposure
2017/09/07-17:22:18 [main] INFO  o.s.j.e.a.AnnotationMBeanExporter - Bean with name 'dataSource_oasqlserver' has been autodetected for JMX exposure
2017/09/07-17:22:18 [main] INFO  o.s.j.e.a.AnnotationMBeanExporter - Located MBean 'dataSource_cwpg': registering with JMX server as MBean [com.alibaba.druid.pool:name=dataSource_cwpg,type=DruidDataSource]
2017/09/07-17:22:18 [main] INFO  o.s.j.e.a.AnnotationMBeanExporter - Located MBean 'dataSource_oasqlserver': registering with JMX server as MBean [com.alibaba.druid.pool:name=dataSource_oasqlserver,type=DruidDataSource]
2017/09/07-17:22:18 [main] INFO  o.s.c.s.DefaultLifecycleProcessor - Starting beans in phase 2147483647
2017/09/07-17:22:18 [main] INFO  o.s.s.a.ScheduledAnnotationBeanPostProcessor - No TaskScheduler/ScheduledExecutorService bean found for scheduled processing
2017/09/07-17:22:18 [main] INFO  o.a.coyote.http11.Http11NioProtocol - Initializing ProtocolHandler ["http-nio-8086"]
2017/09/07-17:22:18 [main] INFO  o.a.coyote.http11.Http11NioProtocol - Starting ProtocolHandler ["http-nio-8086"]
2017/09/07-17:22:18 [main] INFO  o.a.tomcat.util.net.NioSelectorPool - Using a shared selector for servlet write/read
2017/09/07-17:22:18 [main] INFO  o.s.b.c.e.t.TomcatEmbeddedServletContainer - Tomcat started on port(s): 8086 (http)
2017/09/07-17:22:18 [main] INFO  com.sixi.App - Started App in 8.886 seconds (JVM running for 10.004)
2017/09/07-17:22:32 [http-nio-8086-exec-1] INFO  o.a.tomcat.util.http.parser.Cookie - A cookie header was received [1503992406,1504143038,1504575057; PHPSESSID=5riqa6o02lkvdpkb7se7l0r430; ASP.NET_SessionId=lltla3zwiapgr5scmn0ij3uh; __RequestVerificationToken=WGBVGZcQBhT2Oduxeibcuq63Cwd6JwqHT6Vq32M5B3TrZSIw8Ofk10Xq0p2N_OWRYAfv0qL7G4ulAkTvXNfA1PHpO2N_p-E4_EVWZqGMSo81; Opp=; sxl=FEB88C2D39D88900C9EFDF7FF6935279BBDE92408BBFDABFD24971425EEDA9EFC6FA26EFD2F5C78472B36A767A51C17947FD0A32694A587A67176269F6CC1BB29351BCCD0DA84D3706CB0E5B0AD0D1E1E4B15261663380B7E3812A58DC35AF9A4231598E266EFAE6EA8618AE9AB51A0E89EE98E7B4311523; lyh=Qe%2BuTl%2Fu%2Fpm1Fpb%2Fafl%2BfUt2pV5rrxzKzKrhE%2BN2tlJhB50%2ByI9N2fAKIhyJN3VsNv9VwpK9f1m0vOLdXKS5QTS3%2ByykcpnAyl1JyZCEa5UQb4zCXmSHQJVh%2BV%2B4N6KJ; ___a2ln=7C540013E4E00245; oa_screen_type=3; jumpURL=; ___aln7C540013E4E00245=2017-09-07%2017%3A13%3A51; .AspNet.ApplicationCookie=P_aqVQf3EXXDWx6_Wit0q5b9Bh4bXxC_tHtEkRLzciD6ngxfjWaFWvqZrojTe9SkXXk9ixaOkLKP8mTyhMiPrkqhtzKITbGX4izcPeiO8x6Ul9d8FrYRGunRTl3uJDeY37NLxUk1bdHJaq0-2GXZeU4e1_K3YkYlnkMl8ln_hSsrwORxZKzyxF8YrPqbU1kKzm_SUlOCwdP4IsB2E3Yfd_Lad6Yvl4BlR41KW--BlaR14TCVli4xmc1IxgSgVxvoqDar-jbJzbWBNqDgFWOjwboX5mJVcHh2iU0MqbENjxLBz4OTIaF74_MCrNvBvvR9QTDB6A57iNxTsKAqc-Pyxh7L6MQ1a8u75OqzroIQPOZapsRBaWuylvBGAx47iZ7JIE83rLNMhL94RnY5_MGLEQ] that contained an invalid cookie. That cookie will be ignored.Note: further occurrences of this error will be logged at DEBUG level.
2017/09/07-17:22:32 [http-nio-8086-exec-1] INFO  o.a.c.c.C.[Tomcat].[localhost].[/] - Initializing Spring FrameworkServlet 'dispatcherServlet'
2017/09/07-17:22:32 [http-nio-8086-exec-1] INFO  o.s.web.servlet.DispatcherServlet - FrameworkServlet 'dispatcherServlet': initialization started
2017/09/07-17:22:32 [http-nio-8086-exec-1] INFO  o.s.web.servlet.DispatcherServlet - FrameworkServlet 'dispatcherServlet': initialization completed in 60 ms
2017/09/07-17:22:32 [http-nio-8086-exec-1] INFO  c.alibaba.druid.pool.DruidDataSource - {dataSource-1} inited
2017/09/07-17:22:46 [redisMessageListenerContainer-1] ERROR o.s.d.r.l.RedisMessageListenerContainer - Connection failure occurred. Restarting subscription task after 5000 ms
2017/09/07-17:22:53 [redisMessageListenerContainer-2] ERROR o.s.d.r.l.RedisMessageListenerContainer - Connection failure occurred. Restarting subscription task after 5000 ms
2017/09/07-17:23:00 [redisMessageListenerContainer-3] ERROR o.s.d.r.l.RedisMessageListenerContainer - Connection failure occurred. Restarting subscription task after 5000 ms
2017/09/07-17:23:02 [pool-1-thread-1] ERROR o.s.s.s.TaskUtils$LoggingErrorHandler - Unexpected error occurred in scheduled task.
org.springframework.data.redis.RedisConnectionFailureException: Cannot get Jedis connection; nested exception is redis.clients.jedis.exceptions.JedisConnectionException: Could not get a resource from the pool
	at org.springframework.data.redis.connection.jedis.JedisConnectionFactory.fetchJedisConnector(JedisConnectionFactory.java:204)
	at org.springframework.data.redis.connection.jedis.JedisConnectionFactory.getConnection(JedisConnectionFactory.java:348)
	at org.springframework.data.redis.core.RedisConnectionUtils.doGetConnection(RedisConnectionUtils.java:129)
	at org.springframework.data.redis.core.RedisConnectionUtils.getConnection(RedisConnectionUtils.java:92)
	at org.springframework.data.redis.core.RedisConnectionUtils.getConnection(RedisConnectionUtils.java:79)
	at org.springframework.data.redis.core.RedisTemplate.execute(RedisTemplate.java:194)
	at org.springframework.data.redis.core.RedisTemplate.execute(RedisTemplate.java:169)
	at org.springframework.data.redis.core.AbstractOperations.execute(AbstractOperations.java:91)
	at org.springframework.data.redis.core.DefaultSetOperations.members(DefaultSetOperations.java:126)
	at org.springframework.data.redis.core.DefaultBoundSetOperations.members(DefaultBoundSetOperations.java:91)
	at org.springframework.session.data.redis.RedisSessionExpirationPolicy.cleanExpiredSessions(RedisSessionExpirationPolicy.java:131)
	at org.springframework.session.data.redis.RedisOperationsSessionRepository.cleanupExpiredSessions(RedisOperationsSessionRepository.java:398)
	at sun.reflect.NativeMethodAccessorImpl.invoke0(Native Method)
	at sun.reflect.NativeMethodAccessorImpl.invoke(NativeMethodAccessorImpl.java:62)
	at sun.reflect.DelegatingMethodAccessorImpl.invoke(DelegatingMethodAccessorImpl.java:43)
	at java.lang.reflect.Method.invoke(Method.java:498)
	at org.springframework.scheduling.support.ScheduledMethodRunnable.run(ScheduledMethodRunnable.java:65)
	at org.springframework.scheduling.support.DelegatingErrorHandlingRunnable.run(DelegatingErrorHandlingRunnable.java:54)
	at org.springframework.scheduling.concurrent.ReschedulingRunnable.run(ReschedulingRunnable.java:81)
	at java.util.concurrent.Executors$RunnableAdapter.call(Executors.java:511)
	at java.util.concurrent.FutureTask.run(FutureTask.java:266)
	at java.util.concurrent.ScheduledThreadPoolExecutor$ScheduledFutureTask.access$201(ScheduledThreadPoolExecutor.java:180)
	at java.util.concurrent.ScheduledThreadPoolExecutor$ScheduledFutureTask.run(ScheduledThreadPoolExecutor.java:293)
	at java.util.concurrent.ThreadPoolExecutor.runWorker(ThreadPoolExecutor.java:1142)
	at java.util.concurrent.ThreadPoolExecutor$Worker.run(ThreadPoolExecutor.java:617)
	at java.lang.Thread.run(Thread.java:745)
Caused by: redis.clients.jedis.exceptions.JedisConnectionException: Could not get a resource from the pool
	at redis.clients.util.Pool.getResource(Pool.java:53)
	at redis.clients.jedis.JedisPool.getResource(JedisPool.java:226)
	at redis.clients.jedis.JedisPool.getResource(JedisPool.java:16)
	at org.springframework.data.redis.connection.jedis.JedisConnectionFactory.fetchJedisConnector(JedisConnectionFactory.java:194)
	... 25 common frames omitted
Caused by: redis.clients.jedis.exceptions.JedisConnectionException: java.net.SocketTimeoutException: connect timed out
	at redis.clients.jedis.Connection.connect(Connection.java:207)
	at redis.clients.jedis.BinaryClient.connect(BinaryClient.java:93)
	at redis.clients.jedis.BinaryJedis.connect(BinaryJedis.java:1767)
	at redis.clients.jedis.JedisFactory.makeObject(JedisFactory.java:106)
	at org.apache.commons.pool2.impl.GenericObjectPool.create(GenericObjectPool.java:868)
	at org.apache.commons.pool2.impl.GenericObjectPool.borrowObject(GenericObjectPool.java:435)
	at org.apache.commons.pool2.impl.GenericObjectPool.borrowObject(GenericObjectPool.java:363)
	at redis.clients.util.Pool.getResource(Pool.java:49)
	... 28 common frames omitted
Caused by: java.net.SocketTimeoutException: connect timed out
	at java.net.DualStackPlainSocketImpl.waitForConnect(Native Method)
	at java.net.DualStackPlainSocketImpl.socketConnect(DualStackPlainSocketImpl.java:85)
	at java.net.AbstractPlainSocketImpl.doConnect(AbstractPlainSocketImpl.java:350)
	at java.net.AbstractPlainSocketImpl.connectToAddress(AbstractPlainSocketImpl.java:206)
	at java.net.AbstractPlainSocketImpl.connect(AbstractPlainSocketImpl.java:188)
	at java.net.PlainSocketImpl.connect(PlainSocketImpl.java:172)
	at java.net.SocksSocketImpl.connect(SocksSocketImpl.java:392)
	at java.net.Socket.connect(Socket.java:589)
	at redis.clients.jedis.Connection.connect(Connection.java:184)
	... 35 common frames omitted
2017/09/07-17:23:07 [redisMessageListenerContainer-4] ERROR o.s.d.r.l.RedisMessageListenerContainer - Connection failure occurred. Restarting subscription task after 5000 ms
2017/09/07-17:23:14 [redisMessageListenerContainer-5] ERROR o.s.d.r.l.RedisMessageListenerContainer - Connection failure occurred. Restarting subscription task after 5000 ms
2017/09/07-17:23:20 [redisMessageListenerContainer-6] ERROR o.s.d.r.l.RedisMessageListenerContainer - Connection failure occurred. Restarting subscription task after 5000 ms
